<?xml version="1.0" encoding="UTF-8"?>
<!-- Generated by org.testng.reporters.JUnitReportReporter -->
<testsuite hostname="PARAG-DESKTOP" failures="0" tests="1" name="com.examples.Alert_JS" time="7.664" errors="0" timestamp="2025-07-13T10:38:10 IST" skipped="0">
  <testcase classname="com.examples.Alert_JS" name="handle_Alert" time="7.664"/>
</testsuite> <!-- com.examples.Alert_JS -->
