<?xml version="1.0" encoding="UTF-8"?>
<!-- Generated by org.testng.reporters.JUnitReportReporter -->
<testsuite hostname="PARAG-DESKTOP" failures="0" tests="1" name="com.examples.Explicit_wait" time="13.782" errors="0" timestamp="2025-07-13T10:57:57 IST" skipped="0">
  <testcase classname="com.examples.Explicit_wait" name="explicitWait" time="13.782"/>
</testsuite> <!-- com.examples.Explicit_wait -->
